# JRE version: OpenJDK Runtime Environment (8.0_242-b08) (build 1.8.0_242-8u242-b08-0ubuntu3~18.04-b08)
# Java VM: OpenJDK 64-Bit Server VM (25.242-b08 mixed mode linux-amd64 compressed oops)
Heap:
 PSYoungGen      total 266752K, used 11979K [0x00000000d7100000, 0x00000000e8600000, 0x0000000100000000)
  eden space 251904K, 0% used [0x00000000d7100000,0x00000000d7100000,0x00000000e6700000)
  from space 14848K, 80% used [0x00000000e6700000,0x00000000e72b2ec8,0x00000000e7580000)
  to   space 12800K, 0% used [0x00000000e7580000,0x00000000e7580000,0x00000000e8200000)
 ParOldGen       total 84992K, used 15451K [0x0000000085200000, 0x000000008a500000, 0x00000000d7100000)
  object space 84992K, 18% used [0x0000000085200000,0x0000000086116e20,0x000000008a500000)
 Metaspace       used 20603K, capacity 21124K, committed 21248K, reserved 1069056K
  class space    used 2354K, capacity 2509K, committed 2560K, reserved 1048576K
GC Heap History (10 events):
Event: 0.775 GC heap after
Heap after GC invocations=2 (full 0):
 PSYoungGen      total 68608K, used 5090K [0x00000000d7100000, 0x00000000db900000, 0x0000000100000000)
  eden space 63488K, 0% used [0x00000000d7100000,0x00000000d7100000,0x00000000daf00000)
  from space 5120K, 99% used [0x00000000db400000,0x00000000db8f8900,0x00000000db900000)
  to   space 5120K, 0% used [0x00000000daf00000,0x00000000daf00000,0x00000000db400000)
 ParOldGen       total 84992K, used 369K [0x0000000085200000, 0x000000008a500000, 0x00000000d7100000)
  object space 84992K, 0% used [0x0000000085200000,0x000000008525c608,0x000000008a500000)
 Metaspace       used 11002K, capacity 11284K, committed 11520K, reserved 1058816K
  class space    used 1320K, capacity 1417K, committed 1536K, reserved 1048576K
}
Event: 1.489 GC heap before
{Heap before GC invocations=3 (full 0):
 PSYoungGen      total 68608K, used 68578K [0x00000000d7100000, 0x00000000db900000, 0x0000000100000000)
  eden space 63488K, 100% used [0x00000000d7100000,0x00000000daf00000,0x00000000daf00000)
  from space 5120K, 99% used [0x00000000db400000,0x00000000db8f8900,0x00000000db900000)
  to   space 5120K, 0% used [0x00000000daf00000,0x00000000daf00000,0x00000000db400000)
 ParOldGen       total 84992K, used 369K [0x0000000085200000, 0x000000008a500000, 0x00000000d7100000)
  object space 84992K, 0% used [0x0000000085200000,0x000000008525c608,0x000000008a500000)
 Metaspace       used 15591K, capacity 15868K, committed 16128K, reserved 1062912K
  class space    used 1858K, capacity 1945K, committed 2048K, reserved 1048576K
Event: 1.502 GC heap after
Heap after GC invocations=3 (full 0):
 PSYoungGen      total 68608K, used 5104K [0x00000000d7100000, 0x00000000df700000, 0x0000000100000000)
  eden space 63488K, 0% used [0x00000000d7100000,0x00000000d7100000,0x00000000daf00000)
  from space 5120K, 99% used [0x00000000daf00000,0x00000000db3fc010,0x00000000db400000)
  to   space 5120K, 0% used [0x00000000df200000,0x00000000df200000,0x00000000df700000)
 ParOldGen       total 84992K, used 5316K [0x0000000085200000, 0x000000008a500000, 0x00000000d7100000)
  object space 84992K, 6% used [0x0000000085200000,0x0000000085731128,0x000000008a500000)
 Metaspace       used 15591K, capacity 15868K, committed 16128K, reserved 1062912K
  class space    used 1858K, capacity 1945K, committed 2048K, reserved 1048576K
}
Event: 1.947 GC heap before
{Heap before GC invocations=4 (full 0):
 PSYoungGen      total 68608K, used 68592K [0x00000000d7100000, 0x00000000df700000, 0x0000000100000000)
  eden space 63488K, 100% used [0x00000000d7100000,0x00000000daf00000,0x00000000daf00000)
  from space 5120K, 99% used [0x00000000daf00000,0x00000000db3fc010,0x00000000db400000)
  to   space 5120K, 0% used [0x00000000df200000,0x00000000df200000,0x00000000df700000)
 ParOldGen       total 84992K, used 5316K [0x0000000085200000, 0x000000008a500000, 0x00000000d7100000)
  object space 84992K, 6% used [0x0000000085200000,0x0000000085731128,0x000000008a500000)
 Metaspace       used 16008K, capacity 16318K, committed 16640K, reserved 1064960K
  class space    used 1867K, capacity 1956K, committed 2048K, reserved 1048576K
Event: 1.958 GC heap after
Heap after GC invocations=4 (full 0):
 PSYoungGen      total 132096K, used 5104K [0x00000000d7100000, 0x00000000df700000, 0x0000000100000000)
  eden space 126976K, 0% used [0x00000000d7100000,0x00000000d7100000,0x00000000ded00000)
  from space 5120K, 99% used [0x00000000df200000,0x00000000df6fc010,0x00000000df700000)
  to   space 5120K, 0% used [0x00000000ded00000,0x00000000ded00000,0x00000000df200000)
 ParOldGen       total 84992K, used 8736K [0x0000000085200000, 0x000000008a500000, 0x00000000d7100000)
  object space 84992K, 10% used [0x0000000085200000,0x0000000085a88138,0x000000008a500000)
 Metaspace       used 16008K, capacity 16318K, committed 16640K, reserved 1064960K
  class space    used 1867K, capacity 1956K, committed 2048K, reserved 1048576K
}
Event: 2.871 GC heap before
{Heap before GC invocations=5 (full 0):
 PSYoungGen      total 132096K, used 132080K [0x00000000d7100000, 0x00000000df700000, 0x0000000100000000)
  eden space 126976K, 100% used [0x00000000d7100000,0x00000000ded00000,0x00000000ded00000)
  from space 5120K, 99% used [0x00000000df200000,0x00000000df6fc010,0x00000000df700000)
  to   space 5120K, 0% used [0x00000000ded00000,0x00000000ded00000,0x00000000df200000)
 ParOldGen       total 84992K, used 8736K [0x0000000085200000, 0x000000008a500000, 0x00000000d7100000)
  object space 84992K, 10% used [0x0000000085200000,0x0000000085a88138,0x000000008a500000)
 Metaspace       used 16602K, capacity 17058K, committed 17408K, reserved 1064960K
  class space    used 1880K, capacity 1988K, committed 2048K, reserved 1048576K
Event: 2.902 GC heap after
Heap after GC invocations=5 (full 0):
 PSYoungGen      total 132096K, used 5104K [0x00000000d7100000, 0x00000000e8200000, 0x0000000100000000)
  eden space 126976K, 0% used [0x00000000d7100000,0x00000000d7100000,0x00000000ded00000)
  from space 5120K, 99% used [0x00000000ded00000,0x00000000df1fc030,0x00000000df200000)
  to   space 12800K, 0% used [0x00000000e7580000,0x00000000e7580000,0x00000000e8200000)
 ParOldGen       total 84992K, used 14387K [0x0000000085200000, 0x000000008a500000, 0x00000000d7100000)
  object space 84992K, 16% used [0x0000000085200000,0x000000008600cd90,0x000000008a500000)
 Metaspace       used 16602K, capacity 17058K, committed 17408K, reserved 1064960K
  class space    used 1880K, capacity 1988K, committed 2048K, reserved 1048576K
}
Event: 4.045 GC heap before
{Heap before GC invocations=6 (full 0):
 PSYoungGen      total 132096K, used 132080K [0x00000000d7100000, 0x00000000e8200000, 0x0000000100000000)
  eden space 126976K, 100% used [0x00000000d7100000,0x00000000ded00000,0x00000000ded00000)
  from space 5120K, 99% used [0x00000000ded00000,0x00000000df1fc030,0x00000000df200000)
  to   space 12800K, 0% used [0x00000000e7580000,0x00000000e7580000,0x00000000e8200000)
 ParOldGen       total 84992K, used 14387K [0x0000000085200000, 0x000000008a500000, 0x00000000d7100000)
  object space 84992K, 16% used [0x0000000085200000,0x000000008600cd90,0x000000008a500000)
 Metaspace       used 17662K, capacity 18180K, committed 18304K, reserved 1064960K
  class space    used 1992K, capacity 2103K, committed 2176K, reserved 1048576K
Event: 4.058 GC heap after
Heap after GC invocations=6 (full 0):
 PSYoungGen      total 264704K, used 12468K [0x00000000d7100000, 0x00000000e8600000, 0x0000000100000000)
  eden space 251904K, 0% used [0x00000000d7100000,0x00000000d7100000,0x00000000e6700000)
  from space 12800K, 97% used [0x00000000e7580000,0x00000000e81ad028,0x00000000e8200000)
  to   space 14848K, 0% used [0x00000000e6700000,0x00000000e6700000,0x00000000e7580000)
 ParOldGen       total 84992K, used 14395K [0x0000000085200000, 0x000000008a500000, 0x00000000d7100000)
  object space 84992K, 16% used [0x0000000085200000,0x000000008600ed90,0x000000008a500000)
 Metaspace       used 17662K, capacity 18180K, committed 18304K, reserved 1064960K
  class space    used 1992K, capacity 2103K, committed 2176K, reserved 1048576K
}
Event: 4.508 GC heap before
{Heap before GC invocations=7 (full 0):
 PSYoungGen      total 264704K, used 65363K [0x00000000d7100000, 0x00000000e8600000, 0x0000000100000000)
  eden space 251904K, 20% used [0x00000000d7100000,0x00000000da4a7ea0,0x00000000e6700000)
  from space 12800K, 97% used [0x00000000e7580000,0x00000000e81ad028,0x00000000e8200000)
  to   space 14848K, 0% used [0x00000000e6700000,0x00000000e6700000,0x00000000e7580000)
 ParOldGen       total 84992K, used 14395K [0x0000000085200000, 0x000000008a500000, 0x00000000d7100000)
  object space 84992K, 16% used [0x0000000085200000,0x000000008600ed90,0x000000008a500000)
 Metaspace       used 20603K, capacity 21124K, committed 21248K, reserved 1069056K
  class space    used 2354K, capacity 2509K, committed 2560K, reserved 1048576K

