# JRE version: OpenJDK Runtime Environment (8.0_242-b08) (build 1.8.0_242-8u242-b08-0ubuntu3~18.04-b08)
# Java VM: OpenJDK 64-Bit Server VM (25.242-b08 mixed mode linux-amd64 compressed oops)
Heap:
 PSYoungGen      total 346624K, used 25071K [0x00000000d7100000, 0x00000000edc00000, 0x0000000100000000)
  eden space 321536K, 0% used [0x00000000d7100000,0x00000000d7100000,0x00000000eab00000)
  from space 25088K, 99% used [0x00000000eab00000,0x00000000ec37bef8,0x00000000ec380000)
  to   space 16896K, 0% used [0x00000000ec400000,0x00000000ec400000,0x00000000ed480000)
 ParOldGen       total 166912K, used 166598K [0x0000000085200000, 0x000000008f500000, 0x00000000d7100000)
  object space 166912K, 99% used [0x0000000085200000,0x000000008f4b1a10,0x000000008f500000)
 Metaspace       used 37776K, capacity 40450K, committed 40792K, reserved 1085440K
  class space    used 4835K, capacity 5129K, committed 5248K, reserved 1048576K
GC Heap History (10 events):
Event: 4.389 GC heap after
Heap after GC invocations=8 (full 0):
 PSYoungGen      total 262656K, used 13302K [0x00000000d7100000, 0x00000000e8900000, 0x0000000100000000)
  eden space 249344K, 0% used [0x00000000d7100000,0x00000000d7100000,0x00000000e6480000)
  from space 13312K, 99% used [0x00000000e7500000,0x00000000e81fd830,0x00000000e8200000)
  to   space 16896K, 0% used [0x00000000e6480000,0x00000000e6480000,0x00000000e7500000)
 ParOldGen       total 84992K, used 15447K [0x0000000085200000, 0x000000008a500000, 0x00000000d7100000)
  object space 84992K, 18% used [0x0000000085200000,0x0000000086115ef8,0x000000008a500000)
 Metaspace       used 20625K, capacity 21124K, committed 21248K, reserved 1069056K
  class space    used 2355K, capacity 2509K, committed 2560K, reserved 1048576K
}
Event: 4.389 GC heap before
{Heap before GC invocations=9 (full 1):
 PSYoungGen      total 262656K, used 13302K [0x00000000d7100000, 0x00000000e8900000, 0x0000000100000000)
  eden space 249344K, 0% used [0x00000000d7100000,0x00000000d7100000,0x00000000e6480000)
  from space 13312K, 99% used [0x00000000e7500000,0x00000000e81fd830,0x00000000e8200000)
  to   space 16896K, 0% used [0x00000000e6480000,0x00000000e6480000,0x00000000e7500000)
 ParOldGen       total 84992K, used 15447K [0x0000000085200000, 0x000000008a500000, 0x00000000d7100000)
  object space 84992K, 18% used [0x0000000085200000,0x0000000086115ef8,0x000000008a500000)
 Metaspace       used 20625K, capacity 21124K, committed 21248K, reserved 1069056K
  class space    used 2355K, capacity 2509K, committed 2560K, reserved 1048576K
Event: 4.483 GC heap after
Heap after GC invocations=9 (full 1):
 PSYoungGen      total 262656K, used 0K [0x00000000d7100000, 0x00000000e8900000, 0x0000000100000000)
  eden space 249344K, 0% used [0x00000000d7100000,0x00000000d7100000,0x00000000e6480000)
  from space 13312K, 0% used [0x00000000e7500000,0x00000000e7500000,0x00000000e8200000)
  to   space 16896K, 0% used [0x00000000e6480000,0x00000000e6480000,0x00000000e7500000)
 ParOldGen       total 74240K, used 23636K [0x0000000085200000, 0x0000000089a80000, 0x00000000d7100000)
  object space 74240K, 31% used [0x0000000085200000,0x0000000086915070,0x0000000089a80000)
 Metaspace       used 20625K, capacity 21124K, committed 21248K, reserved 1069056K
  class space    used 2355K, capacity 2509K, committed 2560K, reserved 1048576K
}
Event: 6.378 GC heap before
{Heap before GC invocations=10 (full 1):
 PSYoungGen      total 262656K, used 73843K [0x00000000d7100000, 0x00000000e8900000, 0x0000000100000000)
  eden space 249344K, 29% used [0x00000000d7100000,0x00000000db91cf98,0x00000000e6480000)
  from space 13312K, 0% used [0x00000000e7500000,0x00000000e7500000,0x00000000e8200000)
  to   space 16896K, 0% used [0x00000000e6480000,0x00000000e6480000,0x00000000e7500000)
 ParOldGen       total 74240K, used 23636K [0x0000000085200000, 0x0000000089a80000, 0x00000000d7100000)
  object space 74240K, 31% used [0x0000000085200000,0x0000000086915070,0x0000000089a80000)
 Metaspace       used 33625K, capacity 35364K, committed 35416K, reserved 1081344K
  class space    used 4174K, capacity 4430K, committed 4480K, reserved 1048576K
Event: 6.387 GC heap after
Heap after GC invocations=10 (full 1):
 PSYoungGen      total 266240K, used 10855K [0x00000000d7100000, 0x00000000ed480000, 0x0000000100000000)
  eden space 249344K, 0% used [0x00000000d7100000,0x00000000d7100000,0x00000000e6480000)
  from space 16896K, 64% used [0x00000000e6480000,0x00000000e6f19f28,0x00000000e7500000)
  to   space 16896K, 0% used [0x00000000ec400000,0x00000000ec400000,0x00000000ed480000)
 ParOldGen       total 74240K, used 23644K [0x0000000085200000, 0x0000000089a80000, 0x00000000d7100000)
  object space 74240K, 31% used [0x0000000085200000,0x0000000086917070,0x0000000089a80000)
 Metaspace       used 33625K, capacity 35364K, committed 35416K, reserved 1081344K
  class space    used 4174K, capacity 4430K, committed 4480K, reserved 1048576K
}
Event: 6.387 GC heap before
{Heap before GC invocations=11 (full 2):
 PSYoungGen      total 266240K, used 10855K [0x00000000d7100000, 0x00000000ed480000, 0x0000000100000000)
  eden space 249344K, 0% used [0x00000000d7100000,0x00000000d7100000,0x00000000e6480000)
  from space 16896K, 64% used [0x00000000e6480000,0x00000000e6f19f28,0x00000000e7500000)
  to   space 16896K, 0% used [0x00000000ec400000,0x00000000ec400000,0x00000000ed480000)
 ParOldGen       total 74240K, used 23644K [0x0000000085200000, 0x0000000089a80000, 0x00000000d7100000)
  object space 74240K, 31% used [0x0000000085200000,0x0000000086917070,0x0000000089a80000)
 Metaspace       used 33625K, capacity 35364K, committed 35416K, reserved 1081344K
  class space    used 4174K, capacity 4430K, committed 4480K, reserved 1048576K
Event: 6.447 GC heap after
Heap after GC invocations=11 (full 2):
 PSYoungGen      total 266240K, used 0K [0x00000000d7100000, 0x00000000ed480000, 0x0000000100000000)
  eden space 249344K, 0% used [0x00000000d7100000,0x00000000d7100000,0x00000000e6480000)
  from space 16896K, 0% used [0x00000000e6480000,0x00000000e6480000,0x00000000e7500000)
  to   space 16896K, 0% used [0x00000000ec400000,0x00000000ec400000,0x00000000ed480000)
 ParOldGen       total 104448K, used 30161K [0x0000000085200000, 0x000000008b800000, 0x00000000d7100000)
  object space 104448K, 28% used [0x0000000085200000,0x0000000086f744d8,0x000000008b800000)
 Metaspace       used 33546K, capacity 35172K, committed 35416K, reserved 1081344K
  class space    used 4150K, capacity 4398K, committed 4480K, reserved 1048576K
}
Event: 7.802 GC heap before
{Heap before GC invocations=12 (full 2):
 PSYoungGen      total 266240K, used 249344K [0x00000000d7100000, 0x00000000ed480000, 0x0000000100000000)
  eden space 249344K, 100% used [0x00000000d7100000,0x00000000e6480000,0x00000000e6480000)
  from space 16896K, 0% used [0x00000000e6480000,0x00000000e6480000,0x00000000e7500000)
  to   space 16896K, 0% used [0x00000000ec400000,0x00000000ec400000,0x00000000ed480000)
 ParOldGen       total 104448K, used 30161K [0x0000000085200000, 0x000000008b800000, 0x00000000d7100000)
  object space 104448K, 28% used [0x0000000085200000,0x0000000086f744d8,0x000000008b800000)
 Metaspace       used 37754K, capacity 40386K, committed 40536K, reserved 1085440K
  class space    used 4832K, capacity 5129K, committed 5248K, reserved 1048576K
Event: 7.835 GC heap after
Heap after GC invocations=12 (full 2):
 PSYoungGen      total 338432K, used 16880K [0x00000000d7100000, 0x00000000edc00000, 0x0000000100000000)
  eden space 321536K, 0% used [0x00000000d7100000,0x00000000d7100000,0x00000000eab00000)
  from space 16896K, 99% used [0x00000000ec400000,0x00000000ed47c020,0x00000000ed480000)
  to   space 25088K, 0% used [0x00000000eab00000,0x00000000eab00000,0x00000000ec380000)
 ParOldGen       total 104448K, used 47390K [0x0000000085200000, 0x000000008b800000, 0x00000000d7100000)
  object space 104448K, 45% used [0x0000000085200000,0x0000000088047bc8,0x000000008b800000)
 Metaspace       used 37754K, capacity 40386K, committed 40536K, reserved 1085440K
  class space    used 4832K, capacity 5129K, committed 5248K, reserved 1048576K
}
Event: 38.383 GC heap before
{Heap before GC invocations=13 (full 2):
 PSYoungGen      total 338432K, used 338416K [0x00000000d7100000, 0x00000000edc00000, 0x0000000100000000)
  eden space 321536K, 100% used [0x00000000d7100000,0x00000000eab00000,0x00000000eab00000)
  from space 16896K, 99% used [0x00000000ec400000,0x00000000ed47c020,0x00000000ed480000)
  to   space 25088K, 0% used [0x00000000eab00000,0x00000000eab00000,0x00000000ec380000)
 ParOldGen       total 104448K, used 47390K [0x0000000085200000, 0x000000008b800000, 0x00000000d7100000)
  object space 104448K, 45% used [0x0000000085200000,0x0000000088047bc8,0x000000008b800000)
 Metaspace       used 37776K, capacity 40450K, committed 40792K, reserved 1085440K
  class space    used 4835K, capacity 5129K, committed 5248K, reserved 1048576K

